-------------------------------------------------------------------------------
Test set: com.ke.costservice.CostserviceApplicationTests
-------------------------------------------------------------------------------
Tests run: 1, Failures: 0, Errors: 1, Skipped: 0, Time elapsed: 4.768 s <<< FAILURE! - in com.ke.costservice.CostserviceApplicationTests
initializationError(com.ke.costservice.CostserviceApplicationTests)  Time elapsed: 0.003 s  <<< ERROR!
java.lang.IllegalStateException: Unable to find a @SpringBootConfiguration, you need to use @ContextConfiguration or @SpringBootTest(classes=...) with your test

